<?xml version="1.0" encoding="UTF-8"?>
<!-- Generated by org.testng.reporters.JUnitReportReporter -->
<testsuite hostname="Saimasters-MacBook-Pro.local" failures="0" tests="2" name="DpDemo.DemoTest" time="12.805" errors="0" timestamp="2022-02-27T19:13:52 ICT" skipped="0">
  <testcase classname="DpDemo.DemoTest" name="testFlight" time="4.193"/>
  <system-out/>
  <testcase classname="DpDemo.DemoTest" name="testFlight" time="8.612"/>
  <system-out/>
</testsuite> <!-- DpDemo.DemoTest -->
